  [4;36;1mSQL (0.0ms)[0m   [0;1m SELECT name
 FROM sqlite_master
 WHERE type = 'table' AND NOT name = 'sqlite_sequence'
[0m
  [4;35;1mSQL (0.0ms)[0m   [0mselect sqlite_version(*)[0m
  [4;36;1mSQL (62.5ms)[0m   [0;1mCREATE TABLE "schema_migrations" ("version" varchar(255) NOT NULL) [0m
  [4;35;1mSQL (0.0ms)[0m   [0mPRAGMA index_list("schema_migrations")[0m
  [4;36;1mSQL (109.4ms)[0m   [0;1mCREATE UNIQUE INDEX "unique_schema_migrations" ON "schema_migrations" ("version")[0m
  [4;35;1mSQL (0.0ms)[0m   [0m SELECT name
 FROM sqlite_master
 WHERE type = 'table' AND NOT name = 'sqlite_sequence'
[0m
  [4;36;1mSQL (0.0ms)[0m   [0;1mSELECT version FROM schema_migrations[0m
Migrating to CreateBooks (20100630223419)
  [4;35;1mSQL (0.0ms)[0m   [0mCREATE TABLE "books" ("id" INTEGER PRIMARY KEY AUTOINCREMENT NOT NULL, "title" varchar(255), "comment" text, "created_at" datetime, "updated_at" datetime) [0m
  [4;36;1mSQL (0.0ms)[0m   [0;1mINSERT INTO schema_migrations (version) VALUES ('20100630223419')[0m
Migrating to CreateArticles (20100630223457)
  [4;35;1mSQL (0.0ms)[0m   [0mCREATE TABLE "articles" ("id" INTEGER PRIMARY KEY AUTOINCREMENT NOT NULL, "name" varchar(255), "body" text, "created_at" datetime, "updated_at" datetime) [0m
  [4;36;1mSQL (0.0ms)[0m   [0;1mINSERT INTO schema_migrations (version) VALUES ('20100630223457')[0m
  [4;35;1mSQL (0.0ms)[0m   [0m SELECT name
 FROM sqlite_master
 WHERE type = 'table' AND NOT name = 'sqlite_sequence'
[0m
  [4;36;1mSQL (0.0ms)[0m   [0;1mSELECT version FROM schema_migrations[0m
  [4;35;1mSQL (0.0ms)[0m   [0m SELECT name
 FROM sqlite_master
 WHERE type = 'table' AND NOT name = 'sqlite_sequence'
[0m
  [4;36;1mSQL (0.0ms)[0m   [0;1mPRAGMA index_list("articles")[0m
  [4;35;1mSQL (0.0ms)[0m   [0mPRAGMA index_list("books")[0m
  [4;36;1mSQL (0.0ms)[0m   [0;1m SELECT name
 FROM sqlite_master
 WHERE type = 'table' AND NOT name = 'sqlite_sequence'
[0m
  [4;35;1mSQL (0.0ms)[0m   [0mSELECT version FROM schema_migrations[0m
Migrating to CreateBooks (20100630223419)
Migrating to CreateArticles (20100630223457)
Migrating to CreateAuthors (20100630224313)
  [4;36;1mSQL (0.0ms)[0m   [0;1mselect sqlite_version(*)[0m
  [4;35;1mSQL (0.0ms)[0m   [0mCREATE TABLE "authors" ("id" INTEGER PRIMARY KEY AUTOINCREMENT NOT NULL, "name" varchar(255), "created_at" datetime, "updated_at" datetime) [0m
  [4;36;1mSQL (0.0ms)[0m   [0;1mINSERT INTO schema_migrations (version) VALUES ('20100630224313')[0m
  [4;35;1mSQL (0.0ms)[0m   [0m SELECT name
 FROM sqlite_master
 WHERE type = 'table' AND NOT name = 'sqlite_sequence'
[0m
  [4;36;1mSQL (0.0ms)[0m   [0;1mSELECT version FROM schema_migrations[0m
  [4;35;1mSQL (0.0ms)[0m   [0m SELECT name
 FROM sqlite_master
 WHERE type = 'table' AND NOT name = 'sqlite_sequence'
[0m
  [4;36;1mSQL (0.0ms)[0m   [0;1mPRAGMA index_list("articles")[0m
  [4;35;1mSQL (0.0ms)[0m   [0mPRAGMA index_list("authors")[0m
  [4;36;1mSQL (0.0ms)[0m   [0;1mPRAGMA index_list("books")[0m
  [4;36;1mSQL (0.0ms)[0m   [0;1m SELECT name
 FROM sqlite_master
 WHERE type = 'table' AND NOT name = 'sqlite_sequence'
[0m
  [4;35;1mSQL (0.0ms)[0m   [0mSELECT version FROM schema_migrations[0m
Migrating to CreateBooks (20100630223419)
Migrating to CreateArticles (20100630223457)
Migrating to CreateAuthors (20100630224313)
Migrating to CreateTags (20100630224841)
  [4;36;1mSQL (0.0ms)[0m   [0;1mselect sqlite_version(*)[0m
  [4;35;1mSQL (15.6ms)[0m   [0mCREATE TABLE "tags" ("id" INTEGER PRIMARY KEY AUTOINCREMENT NOT NULL, "name" varchar(255), "created_at" datetime, "updated_at" datetime) [0m
  [4;36;1mSQL (0.0ms)[0m   [0;1mINSERT INTO schema_migrations (version) VALUES ('20100630224841')[0m
  [4;35;1mSQL (0.0ms)[0m   [0m SELECT name
 FROM sqlite_master
 WHERE type = 'table' AND NOT name = 'sqlite_sequence'
[0m
  [4;36;1mSQL (0.0ms)[0m   [0;1mSELECT version FROM schema_migrations[0m
  [4;35;1mSQL (0.0ms)[0m   [0m SELECT name
 FROM sqlite_master
 WHERE type = 'table' AND NOT name = 'sqlite_sequence'
[0m
  [4;36;1mSQL (0.0ms)[0m   [0;1mPRAGMA index_list("articles")[0m
  [4;35;1mSQL (0.0ms)[0m   [0mPRAGMA index_list("authors")[0m
  [4;36;1mSQL (0.0ms)[0m   [0;1mPRAGMA index_list("books")[0m
  [4;35;1mSQL (0.0ms)[0m   [0mPRAGMA index_list("tags")[0m
